cp: cannot stat `/root/outfile_180109.txt': No such file or directory
/root/yuedu/dingxiangjifen/dxjf.sh: line 9: syntax error near unexpected token `('
/root/yuedu/dingxiangjifen/dxjf.sh: line 9: `/usr/bin/java -jar ${dirPath}/loginGiveGo(1).jar'
cp: cannot stat `/root/outfile_180109.txt': No such file or directory
Error: Unable to access jarfile /root/loginGiveGo.jar
log4j:WARN No such property [maxFileSize] in org.apache.log4j.DailyRollingFileAppender.
????GO~
???????=1
????
log4j:WARN No such property [maxFileSize] in org.apache.log4j.DailyRollingFileAppender.
????GO~
???????=7096
????
log4j:WARN No such property [maxFileSize] in org.apache.log4j.DailyRollingFileAppender.
????GO~
???????=4933
log4j:WARN No such property [maxFileSize] in org.apache.log4j.DailyRollingFileAppender.
????GO~
???????=4933
????
log4j:WARN No such property [maxFileSize] in org.apache.log4j.DailyRollingFileAppender.
????GO~
???????=7556
????
log4j:WARN No such property [maxFileSize] in org.apache.log4j.DailyRollingFileAppender.
????GO~
???????=7955
????
log4j:WARN No such property [maxFileSize] in org.apache.log4j.DailyRollingFileAppender.
????GO~
???????=7530
????
log4j:WARN No such property [maxFileSize] in org.apache.log4j.DailyRollingFileAppender.
????GO~
???????=7895
????
log4j:WARN No such property [maxFileSize] in org.apache.log4j.DailyRollingFileAppender.
????GO~
???????=6607
????
log4j:WARN No such property [maxFileSize] in org.apache.log4j.DailyRollingFileAppender.
????GO~
???????=7204
????
log4j:WARN No such property [maxFileSize] in org.apache.log4j.DailyRollingFileAppender.
????GO~
???????=7406
????
log4j:WARN No such property [maxFileSize] in org.apache.log4j.DailyRollingFileAppender.
????GO~
???????=7858
????
log4j:WARN No such property [maxFileSize] in org.apache.log4j.DailyRollingFileAppender.
????GO~
???????=6549
????
log4j:WARN No such property [maxFileSize] in org.apache.log4j.DailyRollingFileAppender.
????GO~
???????=6824
????
log4j:WARN No such property [maxFileSize] in org.apache.log4j.DailyRollingFileAppender.
????GO~
???????=7013
????
log4j:WARN No such property [maxFileSize] in org.apache.log4j.DailyRollingFileAppender.
????GO~
???????=7747
????
log4j:WARN No such property [maxFileSize] in org.apache.log4j.DailyRollingFileAppender.
????GO~
???????=7829
????
log4j:WARN No such property [maxFileSize] in org.apache.log4j.DailyRollingFileAppender.
????GO~
???????=6923
????
log4j:WARN No such property [maxFileSize] in org.apache.log4j.DailyRollingFileAppender.
????GO~
???????=7966
????
log4j:WARN No such property [maxFileSize] in org.apache.log4j.DailyRollingFileAppender.
????GO~
???????=7154
????
