????????...
??????,
????1=????????????????????????????????????????????????????????????????????????????????????????????????????????????????????????????????????
????2=
?????????
?????????
????????...
??????,
????1=?????????????????????????????????????????????????????????????????????????????????????????????????????????????????
????2=
?????????
?????????
????????...
??????,
????1=?????????????????????????????????????????????????????????????????????????????????????????????????????????????????
????2=
???? 13:40??????218.0??,???????
???????
?????????
?????????
????????...
??????,
????1=????????????????????????????????????????????????????????????????????????????????????????????????????????????
????2=
?????????
?????????
????????...
??????,
????1=????????????????????????????????????????????????????????????????????????????????????????????????????????????
????2=
???? 13:40??????218.0??,???????
???????
?????????
?????????
????????...
??????,
????1=?????????????????????????????????????????????????????????????????????????????????????????????????????????????????????
????2=
?????????
?????????
????????...
??????,
????1=?????????????????????????????????????????????????????????????????????????????????????????????????????????????????????
????2=
???? 13:40??????218.0??,???????
???????
?????????
?????????
????????...
??????,
????1=?????????????????????????????????????????????????????????????????????????????????????????????????
????2=
?????????
?????????
????????...
??????,
????1=?????????????????????????????????????????????????????????????????????????????????????????????????
????2=
???? 13:50??????228.0??,???????
???????
?????????
?????????
????????...
??????,
????1=??????????????????????????????????????????????????????????????????????????????????????????????
????2=
?????????
?????????
????????...
??????,
????1=??????????????????????????????????????????????????????????????????????????????????????????????
????2=
???? 13:50??????228.0??,???????
???????
?????????
?????????
????????...
??????,
????1=????????????????????????????????????????????????????????????????????????????
????2=
?????????
?????????
????????...
??????,
????1=????????????????????????????????????????????????????????????????????????????
????2=
???? 13:50??????228.0??,???????
???????
?????????
?????????
